{
  "RSpec": {
    "coverage": {
      "/Users/hsing-huihsu/Ada-class/Projects-gitrepo/far_mar_finder/lib/far_mar_finder.rb": [
        1,
        1,
        1,
        1,
        1,
        1,
        null,
        null,
        null,
        1,
        null,
        1,
        16,
        null,
        null,
        1,
        19,
        null,
        null,
        1,
        13,
        null,
        null,
        1,
        20,
        null,
        null,
        null,
        null,
        null,
        1,
        0,
        0,
        null,
        null,
        null,
        null,
        null,
        null
      ],
      "/Users/hsing-huihsu/Ada-class/Projects-gitrepo/far_mar_finder/lib/market.rb": [
        1,
        1,
        null,
        1,
        502,
        502,
        502,
        502,
        502,
        502,
        502,
        null,
        null,
        1,
        null,
        500,
        14,
        null,
        null,
        null,
        1,
        9,
        9,
        null,
        null,
        null,
        null,
        1,
        1,
        3,
        null,
        null,
        null,
        null,
        1,
        1,
        500,
        null,
        null,
        null,
        null,
        null,
        null,
        1,
        2,
        5380,
        null,
        null,
        null,
        null,
        null,
        null,
        1,
        1,
        1,
        6,
        null,
        1,
        null,
        null,
        null,
        null,
        1,
        1,
        500,
        null,
        null,
        null,
        null,
        null,
        1,
        0,
        0,
        0,
        0,
        0,
        null,
        0,
        0,
        0,
        0,
        0,
        null,
        null,
        null,
        null,
        null,
        null,
        1,
        0,
        0,
        0,
        0,
        0,
        null,
        0,
        0,
        0,
        0,
        0,
        null,
        null,
        null,
        null
      ],
      "/Users/hsing-huihsu/Ada-class/Projects-gitrepo/far_mar_finder/lib/products.rb": [
        1,
        1,
        null,
        1,
        8193,
        8193,
        8193,
        null,
        null,
        1,
        null,
        8193,
        17,
        null,
        null,
        null,
        1,
        7,
        278,
        null,
        null,
        null,
        null,
        1,
        0,
        0,
        null,
        null,
        null,
        null,
        1,
        1,
        8193,
        null,
        null,
        null,
        null,
        1,
        1,
        21,
        null,
        null,
        null,
        null,
        1,
        1,
        12798,
        null,
        null,
        null,
        null,
        1,
        0,
        null,
        null,
        null,
        null,
        1,
        0,
        0,
        null,
        null,
        null,
        1,
        0,
        0,
        0,
        null,
        0,
        null,
        null,
        null,
        null,
        null,
        1,
        0,
        0,
        0,
        0,
        null,
        0,
        null,
        null,
        0,
        0,
        0,
        null,
        null,
        null,
        null,
        1,
        null,
        0,
        0,
        null,
        null,
        null,
        1,
        0,
        0,
        null,
        0,
        0,
        0,
        null,
        null,
        null,
        null,
        null,
        null
      ],
      "/Users/hsing-huihsu/Ada-class/Projects-gitrepo/far_mar_finder/lib/vendor.rb": [
        1,
        1,
        null,
        1,
        2690,
        2690,
        2690,
        2690,
        null,
        null,
        null,
        1,
        null,
        2690,
        18,
        null,
        null,
        null,
        1,
        10,
        46,
        null,
        null,
        null,
        null,
        1,
        1,
        7,
        null,
        null,
        null,
        null,
        1,
        1,
        2690,
        null,
        null,
        null,
        null,
        1,
        1,
        2690,
        null,
        null,
        null,
        null,
        1,
        1,
        1,
        null,
        null,
        null,
        null,
        1,
        7,
        57351,
        null,
        null,
        null,
        null,
        1,
        1,
        12798,
        null,
        null,
        null,
        null,
        null,
        1,
        0,
        0,
        null,
        0,
        0,
        0,
        0,
        null,
        0,
        0,
        0,
        0,
        null,
        0,
        null,
        null,
        null,
        null,
        null,
        null,
        1,
        0,
        0,
        0,
        0,
        null,
        null,
        null,
        null,
        null,
        null,
        null,
        null,
        null,
        null,
        null,
        null,
        null,
        null,
        null,
        null,
        null,
        null,
        null,
        null,
        null,
        1,
        0,
        0,
        0,
        0,
        null,
        null,
        null,
        1,
        0,
        0,
        null,
        null,
        1,
        null,
        1,
        0,
        0,
        0,
        0,
        null,
        0,
        null,
        null,
        null,
        null
      ],
      "/Users/hsing-huihsu/Ada-class/Projects-gitrepo/far_mar_finder/lib/sale.rb": [
        1,
        1,
        null,
        1,
        25596,
        25596,
        25596,
        25596,
        25596,
        null,
        null,
        null,
        1,
        null,
        12798,
        15,
        null,
        null,
        null,
        null,
        1,
        9,
        9,
        null,
        null,
        null,
        null,
        1,
        1,
        22,
        null,
        null,
        null,
        null,
        1,
        1,
        12798,
        null,
        null,
        null,
        null,
        null,
        null,
        1,
        1,
        1,
        1,
        10,
        null,
        null,
        null,
        null,
        1,
        1,
        1,
        null,
        null,
        null,
        null,
        1,
        1,
        1,
        null,
        null,
        null,
        null,
        null,
        1,
        12799,
        null,
        null,
        null,
        null,
        null,
        null,
        1,
        0,
        0,
        0,
        0,
        null,
        0,
        null,
        null,
        0,
        null,
        null,
        null,
        null,
        1,
        0,
        0,
        0,
        0,
        null,
        null,
        null,
        1,
        0,
        0,
        0,
        0,
        0,
        null,
        0,
        null,
        null,
        null,
        1,
        0,
        0,
        0,
        null,
        0,
        0,
        0,
        0,
        null,
        0,
        null,
        null,
        null,
        1,
        0,
        0,
        0,
        0,
        0,
        null,
        0,
        null,
        null,
        1,
        null,
        null,
        null,
        1,
        2,
        0,
        2,
        2,
        null,
        0,
        null,
        null,
        null,
        null,
        null
      ]
    },
    "timestamp": 1384815687
  }
}
